<?xml version="1.0" encoding="UTF-8"?>
<!-- Generated by org.testng.reporters.JUnitXMLReporter -->
<testsuite ignored="0" hostname="LAPTOP-EEAS1CV9" failures="0" tests="14" name="Test1" time="21.752" errors="0" timestamp="20 Mar 2025 04:45:35 GMT">
  <testcase classname="com.Demowebshop.testScripts.InvalidLoginTest" name="invalidTest" time="4.905"/>
  <testcase classname="com.Demowebshop.testScripts.InvalidLoginTest" name="invalidTest" time="0.934"/>
  <testcase classname="com.Demowebshop.testScripts.InvalidLoginTest" name="invalidTest" time="0.759"/>
  <testcase classname="com.Demowebshop.testScripts.InvalidLoginTest" name="invalidTest" time="0.731"/>
  <testcase classname="com.Demowebshop.testScripts.InvalidLoginTest" name="invalidTest" time="0.785"/>
  <testcase classname="com.Demowebshop.testScripts.InvalidLoginTest" name="invalidTest" time="1.06"/>
  <testcase classname="com.Demowebshop.testScripts.InvalidLoginTest" name="invalidTest" time="0.745"/>
  <testcase classname="com.Demowebshop.testScripts.InvalidLoginTest" name="invalidTest" time="0.753"/>
  <testcase classname="com.Demowebshop.testScripts.InvalidLoginTest" name="invalidTest" time="0.959"/>
  <testcase classname="com.Demowebshop.testScripts.InvalidLoginTest" name="invalidTest" time="0.736"/>
  <testcase classname="com.Demowebshop.testScripts.InvalidLoginTest" name="invalidTest" time="0.729"/>
  <testcase classname="com.Demowebshop.testScripts.InvalidLoginTest" name="invalidTest" time="0.74"/>
  <testcase classname="com.Demowebshop.testScripts.InvalidLoginTest" name="invalidTest" time="0.706"/>
  <testcase classname="com.Demowebshop.testScripts.InvalidLoginTest" name="invalidTest" time="0.738"/>
</testsuite> <!-- Test1 -->
