<?xml version="1.0" encoding="UTF-8"?>
<!-- Generated by org.testng.reporters.JUnitXMLReporter -->
<testsuite ignored="8" hostname="LAPTOP-EEAS1CV9" failures="0" tests="16" name="Test" time="45.63" errors="0" timestamp="20 Mar 2025 04:40:43 GMT">
  <testcase classname="com.Demowebshop.testScripts.InvalidLoginTest" name="invalidTest" time="0.889"/>
  <testcase classname="com.Demowebshop.testScripts.InvalidLoginTest" name="invalidTest" time="0.791"/>
  <testcase classname="com.Demowebshop.testScripts.InvalidLoginTest" name="invalidTest" time="0.774"/>
  <testcase classname="com.Demowebshop.testScripts.InvalidLoginTest" name="invalidTest" time="0.743"/>
  <testcase classname="com.Demowebshop.testScripts.InvalidLoginTest" name="invalidTest" time="0.946"/>
  <testcase classname="com.Demowebshop.testScripts.InvalidLoginTest" name="invalidTest" time="0.924"/>
  <testcase classname="com.Demowebshop.testScripts.InvalidLoginTest" name="invalidTest" time="0.98"/>
  <testcase classname="com.Demowebshop.testScripts.InvalidLoginTest" name="invalidTest" time="0.732"/>
  <testcase classname="com.Demowebshop.testScripts.InvalidLoginTest" name="invalidTest" time="1.022"/>
  <testcase classname="com.Demowebshop.testScripts.InvalidLoginTest" name="invalidTest" time="0.896"/>
  <testcase classname="com.Demowebshop.testScripts.InvalidLoginTest" name="invalidTest" time="4.193"/>
  <testcase classname="com.Demowebshop.testScripts.InvalidLoginTest" name="invalidTest" time="0.716"/>
  <testcase classname="com.Demowebshop.testScripts.InvalidLoginTest" name="invalidTest" time="4.437"/>
  <testcase classname="com.Demowebshop.testScripts.InvalidLoginTest" name="invalidTest" time="0.777"/>
  <testcase classname="com.Demowebshop.testScripts.RegisterTest" name="register" time="5.236"/>
  <testcase classname="com.Demowebshop.testScripts.ValidLoginTest" name="login" time="3.22"/>
  <testcase classname="com.Demowebshop.genericLib.BaseTest" name="@AfterSuite toCloseServer" time="0.0">
    <ignored/>
  </testcase> <!-- @AfterSuite toCloseServer -->
  <testcase classname="com.Demowebshop.genericLib.BaseTest" name="@AfterSuite toCloseServer" time="0.0">
    <ignored/>
  </testcase> <!-- @AfterSuite toCloseServer -->
  <testcase classname="com.Demowebshop.genericLib.BaseTest" name="@BeforeTest toConnectDatabase" time="0.0">
    <ignored/>
  </testcase> <!-- @BeforeTest toConnectDatabase -->
  <testcase classname="com.Demowebshop.genericLib.BaseTest" name="@BeforeTest toConnectDatabase" time="0.0">
    <ignored/>
  </testcase> <!-- @BeforeTest toConnectDatabase -->
  <testcase classname="com.Demowebshop.genericLib.BaseTest" name="@AfterTest toCloseDatabase" time="0.0">
    <ignored/>
  </testcase> <!-- @AfterTest toCloseDatabase -->
  <testcase classname="com.Demowebshop.genericLib.BaseTest" name="@AfterTest toCloseDatabase" time="0.0">
    <ignored/>
  </testcase> <!-- @AfterTest toCloseDatabase -->
  <testcase classname="com.Demowebshop.genericLib.BaseTest" name="@BeforeSuite toConnectServer" time="0.0">
    <ignored/>
  </testcase> <!-- @BeforeSuite toConnectServer -->
  <testcase classname="com.Demowebshop.genericLib.BaseTest" name="@BeforeSuite toConnectServer" time="0.0">
    <ignored/>
  </testcase> <!-- @BeforeSuite toConnectServer -->
</testsuite> <!-- Test -->
