<?xml version="1.0" encoding="UTF-8"?>
<!-- Generated by org.testng.reporters.JUnitXMLReporter -->
<testsuite ignored="9" hostname="LAPTOP-EEAS1CV9" failures="0" tests="15" name="Test" time="26.143" errors="0" timestamp="24 Mar 2025 05:15:27 GMT">
  <testcase classname="com.Demowebshop.testScripts.InvalidLoginTest" name="invalidTest" time="0.849"/>
  <testcase classname="com.Demowebshop.testScripts.InvalidLoginTest" name="invalidTest" time="0.749"/>
  <testcase classname="com.Demowebshop.testScripts.InvalidLoginTest" name="invalidTest" time="0.728"/>
  <testcase classname="com.Demowebshop.testScripts.InvalidLoginTest" name="invalidTest" time="0.692"/>
  <testcase classname="com.Demowebshop.testScripts.InvalidLoginTest" name="invalidTest" time="0.715"/>
  <testcase classname="com.Demowebshop.testScripts.InvalidLoginTest" name="invalidTest" time="0.673"/>
  <testcase classname="com.Demowebshop.testScripts.InvalidLoginTest" name="invalidTest" time="0.689"/>
  <testcase classname="com.Demowebshop.testScripts.InvalidLoginTest" name="invalidTest" time="0.698"/>
  <testcase classname="com.Demowebshop.testScripts.InvalidLoginTest" name="invalidTest" time="1.14"/>
  <testcase classname="com.Demowebshop.testScripts.InvalidLoginTest" name="invalidTest" time="0.681"/>
  <testcase classname="com.Demowebshop.testScripts.InvalidLoginTest" name="invalidTest" time="0.696"/>
  <testcase classname="com.Demowebshop.testScripts.InvalidLoginTest" name="invalidTest" time="0.669"/>
  <testcase classname="com.Demowebshop.testScripts.InvalidLoginTest" name="invalidTest" time="0.7"/>
  <testcase classname="com.Demowebshop.testScripts.InvalidLoginTest" name="invalidTest" time="0.679"/>
  <testcase classname="com.Demowebshop.testScripts.RegisterTest" name="register" time="5.323"/>
  <testcase classname="com.Demowebshop.genericLib.BaseTest" name="@AfterSuite toCloseServer" time="0.0">
    <ignored/>
  </testcase> <!-- @AfterSuite toCloseServer -->
  <testcase classname="com.Demowebshop.genericLib.BaseTest" name="@AfterSuite toCloseServer" time="0.0">
    <ignored/>
  </testcase> <!-- @AfterSuite toCloseServer -->
  <testcase classname="com.Demowebshop.testScripts.ValidLoginTest" name="login" time="0.0">
    <ignored/>
  </testcase> <!-- login -->
  <testcase classname="com.Demowebshop.genericLib.BaseTest" name="@BeforeTest toConnectDatabase" time="0.0">
    <ignored/>
  </testcase> <!-- @BeforeTest toConnectDatabase -->
  <testcase classname="com.Demowebshop.genericLib.BaseTest" name="@BeforeTest toConnectDatabase" time="0.0">
    <ignored/>
  </testcase> <!-- @BeforeTest toConnectDatabase -->
  <testcase classname="com.Demowebshop.genericLib.BaseTest" name="@AfterTest toCloseDatabase" time="0.0">
    <ignored/>
  </testcase> <!-- @AfterTest toCloseDatabase -->
  <testcase classname="com.Demowebshop.genericLib.BaseTest" name="@AfterTest toCloseDatabase" time="0.0">
    <ignored/>
  </testcase> <!-- @AfterTest toCloseDatabase -->
  <testcase classname="com.Demowebshop.genericLib.BaseTest" name="@BeforeSuite toConnectServer" time="0.0">
    <ignored/>
  </testcase> <!-- @BeforeSuite toConnectServer -->
  <testcase classname="com.Demowebshop.genericLib.BaseTest" name="@BeforeSuite toConnectServer" time="0.0">
    <ignored/>
  </testcase> <!-- @BeforeSuite toConnectServer -->
</testsuite> <!-- Test -->
