<?xml version="1.0" encoding="UTF-8"?>
<!-- Generated by org.testng.reporters.JUnitXMLReporter -->
<testsuite ignored="4" hostname="LAPTOP-EEAS1CV9" failures="0" tests="2" name="Test" time="17.789" errors="0" timestamp="18 Mar 2025 06:03:23 GMT">
  <testcase classname="com.Demowebshop.testScripts.RegisterTest" name="register" time="4.831"/>
  <testcase classname="com.Demowebshop.testScripts.ValidLoginTest" name="login" time="3.145"/>
  <testcase classname="com.Demowebshop.genericLib.BaseTest" name="@AfterSuite toCloseServer" time="0.0">
    <ignored/>
  </testcase> <!-- @AfterSuite toCloseServer -->
  <testcase classname="com.Demowebshop.genericLib.BaseTest" name="@BeforeTest toConnectDatabase" time="0.0">
    <ignored/>
  </testcase> <!-- @BeforeTest toConnectDatabase -->
  <testcase classname="com.Demowebshop.genericLib.BaseTest" name="@AfterTest toCloseDatabase" time="0.0">
    <ignored/>
  </testcase> <!-- @AfterTest toCloseDatabase -->
  <testcase classname="com.Demowebshop.genericLib.BaseTest" name="@BeforeSuite toConnectServer" time="0.0">
    <ignored/>
  </testcase> <!-- @BeforeSuite toConnectServer -->
</testsuite> <!-- Test -->
