<?xml version="1.0" encoding="UTF-8"?>
<!-- Generated by org.testng.reporters.JUnitXMLReporter -->
<testsuite ignored="0" hostname="LAPTOP-EEAS1CV9" failures="0" tests="14" name="Test1(failed)" time="17.522" errors="0" timestamp="20 Mar 2025 04:43:19 GMT">
  <testcase classname="com.Demowebshop.testScripts.InvalidLoginTest" name="invalidTest" time="0.912"/>
  <testcase classname="com.Demowebshop.testScripts.InvalidLoginTest" name="invalidTest" time="0.74"/>
  <testcase classname="com.Demowebshop.testScripts.InvalidLoginTest" name="invalidTest" time="0.749"/>
  <testcase classname="com.Demowebshop.testScripts.InvalidLoginTest" name="invalidTest" time="0.726"/>
  <testcase classname="com.Demowebshop.testScripts.InvalidLoginTest" name="invalidTest" time="0.732"/>
  <testcase classname="com.Demowebshop.testScripts.InvalidLoginTest" name="invalidTest" time="0.73"/>
  <testcase classname="com.Demowebshop.testScripts.InvalidLoginTest" name="invalidTest" time="0.738"/>
  <testcase classname="com.Demowebshop.testScripts.InvalidLoginTest" name="invalidTest" time="0.722"/>
  <testcase classname="com.Demowebshop.testScripts.InvalidLoginTest" name="invalidTest" time="0.751"/>
  <testcase classname="com.Demowebshop.testScripts.InvalidLoginTest" name="invalidTest" time="0.725"/>
  <testcase classname="com.Demowebshop.testScripts.InvalidLoginTest" name="invalidTest" time="0.704"/>
  <testcase classname="com.Demowebshop.testScripts.InvalidLoginTest" name="invalidTest" time="0.783"/>
  <testcase classname="com.Demowebshop.testScripts.InvalidLoginTest" name="invalidTest" time="0.687"/>
  <testcase classname="com.Demowebshop.testScripts.InvalidLoginTest" name="invalidTest" time="0.715"/>
</testsuite> <!-- Test1(failed) -->
