<?xml version="1.0" encoding="UTF-8"?>
<testng-results ignored="0" total="1" passed="1" failed="0" skipped="0">
  <reporter-output>
    <line>
      <![CDATA[==server connected sucessfully==]]>
    </line>
    <line>
      <![CDATA[==database connected successfully]]>
    </line>
    <line>
      <![CDATA[==Launching chrome Browser==]]>
    </line>
    <line>
      <![CDATA[browser closed successfully]]>
    </line>
    <line>
      <![CDATA[==database closed successfully==]]>
    </line>
    <line>
      <![CDATA[==server closed successfully==]]>
    </line>
  </reporter-output>
  <suite started-at="2025-03-19T05:22:28Z" name="Default suite" finished-at="2025-03-19T05:22:43Z" duration-ms="15626">
    <groups>
    </groups>
    <test started-at="2025-03-19T05:22:28Z" name="Default test" finished-at="2025-03-19T05:22:43Z" duration-ms="15626">
      <class name="com.Demowebshop.testScripts.RegisterTest">
        <test-method is-config="true" signature="toConnectServer()[pri:0, instance:com.Demowebshop.testScripts.RegisterTest@58ce9668]" started-at="2025-03-19T05:22:28Z" name="toConnectServer" finished-at="2025-03-19T05:22:28Z" duration-ms="23" status="PASS">
          <reporter-output>
            <line>
              <![CDATA[==server connected sucessfully==]]>
            </line>
          </reporter-output>
        </test-method> <!-- toConnectServer -->
        <test-method is-config="true" signature="toConnectDatabase()[pri:0, instance:com.Demowebshop.testScripts.RegisterTest@58ce9668]" started-at="2025-03-19T05:22:28Z" name="toConnectDatabase" finished-at="2025-03-19T05:22:28Z" duration-ms="1" status="PASS">
          <reporter-output>
            <line>
              <![CDATA[==database connected successfully]]>
            </line>
          </reporter-output>
        </test-method> <!-- toConnectDatabase -->
        <test-method is-config="true" signature="setup()[pri:0, instance:com.Demowebshop.testScripts.RegisterTest@58ce9668]" started-at="2025-03-19T05:22:28Z" name="setup" finished-at="2025-03-19T05:22:34Z" duration-ms="6334" status="PASS">
          <reporter-output>
            <line>
              <![CDATA[==Launching chrome Browser==]]>
            </line>
          </reporter-output>
        </test-method> <!-- setup -->
        <test-method signature="register(java.lang.String, java.lang.String, java.lang.String)[pri:0, instance:com.Demowebshop.testScripts.RegisterTest@58ce9668]" started-at="2025-03-19T05:22:35Z" name="register" data-provider="registerData" finished-at="2025-03-19T05:22:43Z" duration-ms="8193" status="PASS">
          <params>
            <param index="0">
              <value>
                <![CDATA[Anoop]]>
              </value>
            </param>
            <param index="1">
              <value>
                <![CDATA[Prajapati]]>
              </value>
            </param>
            <param index="2">
              <value>
                <![CDATA[Anoop123]]>
              </value>
            </param>
          </params>
          <reporter-output>
          </reporter-output>
        </test-method> <!-- register -->
        <test-method is-config="true" signature="tearDown()[pri:0, instance:com.Demowebshop.testScripts.RegisterTest@58ce9668]" started-at="2025-03-19T05:22:43Z" name="tearDown" finished-at="2025-03-19T05:22:43Z" duration-ms="267" status="PASS">
          <reporter-output>
            <line>
              <![CDATA[browser closed successfully]]>
            </line>
          </reporter-output>
        </test-method> <!-- tearDown -->
        <test-method is-config="true" signature="toCloseDatabase()[pri:0, instance:com.Demowebshop.testScripts.RegisterTest@58ce9668]" started-at="2025-03-19T05:22:43Z" name="toCloseDatabase" finished-at="2025-03-19T05:22:43Z" duration-ms="0" status="PASS">
          <reporter-output>
            <line>
              <![CDATA[==database closed successfully==]]>
            </line>
          </reporter-output>
        </test-method> <!-- toCloseDatabase -->
        <test-method is-config="true" signature="toCloseServer()[pri:0, instance:com.Demowebshop.testScripts.RegisterTest@58ce9668]" started-at="2025-03-19T05:22:43Z" name="toCloseServer" finished-at="2025-03-19T05:22:43Z" duration-ms="0" status="PASS">
          <reporter-output>
            <line>
              <![CDATA[==server closed successfully==]]>
            </line>
          </reporter-output>
        </test-method> <!-- toCloseServer -->
      </class> <!-- com.Demowebshop.testScripts.RegisterTest -->
    </test> <!-- Default test -->
  </suite> <!-- Default suite -->
</testng-results>
